<?xml version="1.0" encoding="UTF-8"?>
<!-- Generated by org.testng.reporters.JUnitReportReporter -->
<testsuite hostname="USER-PC" failures="0" tests="2" name="TestLayer.HomePageTest" time="0.062" errors="0" timestamp="2023-07-25T16:34:53 IST" skipped="0">
  <testcase classname="TestLayer.HomePageTest" name="validateHomePageTitle" time="0.038"/>
  <system-out/>
  <testcase classname="TestLayer.HomePageTest" name="validateHomePageUrl" time="0.024"/>
  <system-out/>
</testsuite> <!-- TestLayer.HomePageTest -->
