<?xml version="1.0" encoding="UTF-8"?>
<!-- Generated by org.testng.reporters.JUnitReportReporter -->
<testsuite hostname="USER-PC" failures="0" tests="1" name="TestLayer.LoginPageTest" time="8.996" errors="0" timestamp="2023-07-25T16:34:53 IST" skipped="0">
  <testcase classname="TestLayer.LoginPageTest" name="loginFunctionality" time="8.996"/>
  <system-out/>
</testsuite> <!-- TestLayer.LoginPageTest -->
