<?xml version="1.0" encoding="UTF-8"?>
<!-- Generated by org.testng.reporters.JUnitReportReporter -->
<testsuite hostname="USER-PC" failures="0" tests="10" name="TestLayer.ContactPageTest" time="179.605" errors="0" timestamp="2023-07-25T16:34:53 IST" skipped="0">
  <testcase classname="TestLayer.ContactPageTest" name="validateNewContactFunctionality" time="17.583"/>
  <system-out/>
  <testcase classname="TestLayer.ContactPageTest" name="validateNewContactFunctionality" time="17.153"/>
  <system-out/>
  <testcase classname="TestLayer.ContactPageTest" name="validateNewContactFunctionality" time="17.478"/>
  <system-out/>
  <testcase classname="TestLayer.ContactPageTest" name="validateNewContactFunctionality" time="17.646"/>
  <system-out/>
  <testcase classname="TestLayer.ContactPageTest" name="validateNewContactFunctionality" time="17.197"/>
  <system-out/>
  <testcase classname="TestLayer.ContactPageTest" name="validateNewContactFunctionality" time="18.265"/>
  <system-out/>
  <testcase classname="TestLayer.ContactPageTest" name="validateNewContactFunctionality" time="23.988"/>
  <system-out/>
  <testcase classname="TestLayer.ContactPageTest" name="validateNewContactFunctionality" time="17.100"/>
  <system-out/>
  <testcase classname="TestLayer.ContactPageTest" name="validateNewContactFunctionality" time="16.922"/>
  <system-out/>
  <testcase classname="TestLayer.ContactPageTest" name="validateNewContactFunctionality" time="16.273"/>
  <system-out/>
</testsuite> <!-- TestLayer.ContactPageTest -->
